<?xml version="1.0" encoding="UTF-8"?>
<testng-results ignored="0" total="1" passed="1" failed="0" skipped="0">
  <reporter-output>
    <line>
      <![CDATA[prcticetest2]]>
    </line>
  </reporter-output>
  <suite started-at="2022-05-31T06:20:32Z" name="Default suite" finished-at="2022-05-31T06:20:33Z" duration-ms="551">
    <groups>
    </groups>
    <test started-at="2022-05-31T06:20:32Z" name="Default test" finished-at="2022-05-31T06:20:33Z" duration-ms="551">
      <class name="PracticeTest1.Test3">
        <test-method signature="test1()[pri:0, instance:PracticeTest1.Test3@1ff55ff]" started-at="2022-05-31T06:20:32Z" name="test1" finished-at="2022-05-31T06:20:33Z" duration-ms="190" status="PASS">
          <reporter-output>
            <line>
              <![CDATA[prcticetest2]]>
            </line>
          </reporter-output>
        </test-method> <!-- test1 -->
      </class> <!-- PracticeTest1.Test3 -->
    </test> <!-- Default test -->
  </suite> <!-- Default suite -->
</testng-results>
